<?xml version="1.0" encoding="UTF-8"?>
<!-- Generated by org.testng.reporters.JUnitReportReporter -->
<testsuite skipped="0" hostname="subha-pc" name="roughTest.Loginpage" tests="1" failures="0" timestamp="24 Dec 2019 19:29:49 GMT" time="0.001" errors="0">
  <testcase name="verifyLoginTest" time="0.001" classname="roughTest.Loginpage"/>
</testsuite> <!-- roughTest.Loginpage -->
